Mono path[0] = '/home/ec2-user/SageMaker/builds/build4/build4_Data/Managed'
Mono config path = '/home/ec2-user/SageMaker/builds/build4/build4_Data/MonoBleedingEdge/etc'
Preloaded 'libgrpc_csharp_ext.x64.so'
Initialize engine version: 2021.3.16f1 (4016570cf34f)
[Subsystems] Discovering subsystems at path /home/ec2-user/SageMaker/builds/build4/build4_Data/UnitySubsystems
Forcing GfxDevice: Null
GfxDevice: creating device client; threaded=0; jobified=0
NullGfxDevice:
    Version:  NULL 1.0 [1.0]
    Renderer: Null Device
    Vendor:   Unity Technologies
ALSA lib confmisc.c:767:(parse_card) cannot find card '0'
ALSA lib conf.c:4554:(_snd_config_evaluate) function snd_func_card_driver returned error: No such file or directory
ALSA lib confmisc.c:392:(snd_func_concat) error evaluating strings
ALSA lib conf.c:4554:(_snd_config_evaluate) function snd_func_concat returned error: No such file or directory
ALSA lib confmisc.c:1246:(snd_func_refer) error evaluating name
ALSA lib conf.c:4554:(_snd_config_evaluate) function snd_func_refer returned error: No such file or directory
ALSA lib conf.c:5033:(snd_config_expand) Evaluate error: No such file or directory
ALSA lib pcm.c:2501:(snd_pcm_open_noupdate) Unknown PCM default
FMOD failed to initialize the output device.: "Error initializing output device. " (60)
Forced to initialize FMOD to to the device driver's system output rate 48000, this may impact performance and/or give inconsistent experiences compared to selected sample rate 48000
ALSA lib confmisc.c:767:(parse_card) cannot find card '0'
ALSA lib conf.c:4554:(_snd_config_evaluate) function snd_func_card_driver returned error: No such file or directory
ALSA lib confmisc.c:392:(snd_func_concat) error evaluating strings
ALSA lib conf.c:4554:(_snd_config_evaluate) function snd_func_concat returned error: No such file or directory
ALSA lib confmisc.c:1246:(snd_func_refer) error evaluating name
ALSA lib conf.c:4554:(_snd_config_evaluate) function snd_func_refer returned error: No such file or directory
ALSA lib conf.c:5033:(snd_config_expand) Evaluate error: No such file or directory
ALSA lib pcm.c:2501:(snd_pcm_open_noupdate) Unknown PCM default
FMOD failed to initialize the output device.: "Error initializing output device. " (60)
FMOD initialized on nosound output
Begin MonoManager ReloadAssembly
- Completed reload, in  0.127 seconds
ERROR: Shader Sprites/Default shader is not supported on this GPU (none of subshaders/fallbacks are suitable)
ERROR: Shader Sprites/Mask shader is not supported on this GPU (none of subshaders/fallbacks are suitable)
ERROR: Shader Legacy Shaders/VertexLit shader is not supported on this GPU (none of subshaders/fallbacks are suitable)
WARNING: Shader Unsupported: 'Standard' - All subshaders removed
WARNING: Shader Did you use #pragma only_renderers and omit this platform?
WARNING: Shader If subshaders removal was intentional, you may have forgotten turning Fallback off?
ERROR: Shader Standard shader is not supported on this GPU (none of subshaders/fallbacks are suitable)
WARNING: Shader Unsupported: 'Standard' - All subshaders removed
WARNING: Shader Did you use #pragma only_renderers and omit this platform?
WARNING: Shader If subshaders removal was intentional, you may have forgotten turning Fallback off?
UnloadTime: 0.923264 ms
DEBUG: 10
DEBUG: 10
requesting resize 84 x 84
0.03846154
0.03846154
0.03846154
0.03846154
0.03846154
0.03846154
0.03846154
0.03846154
0.03846154
0.03846154
0.03846154
0.03846154
0.03846154
0.03846154
0.03846154
0.03846154
0.03846154
0.03846154
0.03846154
0.03846154
0.03846154
0.03846154
0.03846154
0.03846154
0.03846154
0.03846154
0.03846154
0.03846154
0.03846154
0.03846154
0.03846154
0.03846154
0.03846154
0.03846154
0.03846154
0.03846154
0.03846154
0.03846154
0.03846154
0.03846154
0.03846154
0.03846154
0.03846154
0.03846154
DEBUG: 10
DEBUG: 10
DEBUG: 16
DEBUG: 16
0.01639344
0.01639344
0.01639344
0.01639344
0.01639344
0.01639344
0.01639344
0.01639344
0.01639344
0.01639344
0.01639344
0.01639344
0.01639344
0.01639344
0.01639344
0.01639344
0.01639344
0.01639344
0.01639344
0.01639344
0.01639344
0.01639344
0.01639344
0.01639344
0.01639344
0.01639344
0.01639344
0.01639344
0.01639344
0.01639344
0.01639344
0.01639344
0.01639344
0.01639344
0.01639344
0.01639344
0.01639344
0.01639344
0.01639344
0.01639344
0.01639344
0.01639344
0.01639344
0.01639344
0.01639344
0.01639344
0.01639344
0.01639344
0.01639344
0.01639344
0.01639344
0.01639344
0.01639344
0.01639344
0.01639344
0.01639344
0.01639344
0.01639344
0.01639344
0.01639344
0.01639344
0.01639344
0.01639344
0.01639344
0.01639344
0.01639344
0.01639344
0.01639344
0.01639344
0.01639344
0.01639344
0.01639344
0.01639344
0.01639344
0.01639344
0.01639344
0.01639344
0.01639344
0.01639344
0.01639344
0.01639344
0.01639344
0.01639344
0.01639344
0.01639344
0.01639344
0.01639344
0.01639344
0.01639344
0.01639344
0.01639344
0.01639344
0.01639344
0.01639344
0.01639344
0.01639344
0.01639344
0.01639344
0.01639344
0.01639344
0.01639344
0.01639344
0.01639344
0.01639344
0.01639344
0.01639344
0.01639344
0.01639344
0.01639344
0.01639344
0.01639344
0.01639344
0.01639344
0.01639344
0.01639344
0.01639344
0.01639344
0.01639344
0.01639344
0.01639344
0.01639344
0.01639344
0.01639344
0.01639344
0.01639344
0.01639344
0.01639344
DEBUG: 16
DEBUG: 16
DEBUG: 16
DEBUG: 16
0.01587302
0.01587302
0.01587302
0.01587302
0.01587302
0.01587302
0.01587302
0.01587302
0.01587302
0.01587302
0.01587302
0.01587302
0.01587302
0.01587302
0.01587302
0.01587302
0.01587302
0.01587302
0.01587302
0.01587302
0.01587302
0.01587302
0.01587302
0.01587302
0.01587302
0.01587302
0.01587302
0.01587302
0.01587302
0.01587302
0.01587302
0.01587302
0.01587302
0.01587302
0.01587302
0.01587302
0.01587302
0.01587302
0.01587302
0.01587302
0.01587302
0.01587302
0.01587302
0.01587302
0.01587302
0.01587302
0.01587302
0.01587302
0.01587302
0.01587302
0.01587302
0.01587302
0.01587302
0.01587302
0.01587302
0.01587302
0.01587302
0.01587302
0.01587302
0.01587302
0.01587302
0.01587302
0.01587302
0.01587302
0.01587302
0.01587302
0.01587302
0.01587302
0.01587302
0.01587302
0.01587302
0.01587302
0.01587302
0.01587302
0.01587302
0.01587302
0.01587302
0.01587302
0.01587302
0.01587302
0.01587302
0.01587302
0.01587302
0.01587302
0.01587302
0.01587302
0.01587302
0.01587302
0.01587302
0.01587302
0.01587302
0.01587302
0.01587302
0.01587302
0.01587302
0.01587302
0.01587302
0.01587302
0.01587302
0.01587302
0.01587302
0.01587302
0.01587302
0.01587302
0.01587302
0.01587302
0.01587302
0.01587302
0.01587302
0.01587302
0.01587302
0.01587302
0.01587302
0.01587302
0.01587302
0.01587302
0.01587302
0.01587302
0.01587302
0.01587302
0.01587302
0.01587302
0.01587302
0.01587302
0.01587302
0.01587302
0.01587302
0.01587302
0.01587302
DEBUG: 16
DEBUG: 16
DEBUG: 16
DEBUG: 16
0.01408451
0.01408451
0.01408451
0.01408451
0.01408451
0.01408451
0.01408451
0.01408451
0.01408451
0.01408451
0.01408451
0.01408451
0.01408451
0.01408451
0.01408451
0.01408451
0.01408451
0.01408451
0.01408451
0.01408451
0.01408451
0.01408451
0.01408451
0.01408451
0.01408451
0.01408451
0.01408451
0.01408451
0.01408451
0.01408451
0.01408451
0.01408451
0.01408451
0.01408451
0.01408451
0.01408451
0.01408451
0.01408451
0.01408451
0.01408451
0.01408451
0.01408451
0.01408451
0.01408451
0.01408451
0.01408451
0.01408451
0.01408451
0.01408451
0.01408451
0.01408451
0.01408451
0.01408451
0.01408451
0.01408451
0.01408451
0.01408451
0.01408451
0.01408451
0.01408451
0.01408451
0.01408451
0.01408451
0.01408451
0.01408451
0.01408451
0.01408451
0.01408451
0.01408451
0.01408451
0.01408451
0.01408451
0.01408451
0.01408451
0.01408451
0.01408451
0.01408451
0.01408451
0.01408451
0.01408451
0.01408451
0.01408451
0.01408451
0.01408451
0.01408451
0.01408451
0.01408451
0.01408451
0.01408451
0.01408451
0.01408451
0.01408451
0.01408451
0.01408451
0.01408451
0.01408451
0.01408451
0.01408451
0.01408451
0.01408451
0.01408451
0.01408451
0.01408451
0.01408451
0.01408451
0.01408451
0.01408451
0.01408451
0.01408451
0.01408451
0.01408451
0.01408451
0.01408451
0.01408451
0.01408451
0.01408451
0.01408451
0.01408451
0.01408451
0.01408451
0.01408451
0.01408451
0.01408451
0.01408451
0.01408451
0.01408451
0.01408451
0.01408451
0.01408451
0.01408451
0.01408451
DEBUG: 16
DEBUG: 16
DEBUG: 14
DEBUG: 14
0.02272727
0.02272727
0.02272727
0.02272727
0.02272727
0.02272727
0.02272727
0.02272727
0.02272727
0.02272727
0.02272727
0.02272727
0.02272727
0.02272727
0.02272727
0.02272727
0.02272727
0.02272727
0.02272727
0.02272727
0.02272727
0.02272727
0.02272727
0.02272727
0.02272727
0.02272727
0.02272727
0.02272727
0.02272727
0.02272727
0.02272727
0.02272727
0.02272727
0.02272727
0.02272727
0.02272727
0.02272727
0.02272727
0.02272727
0.02272727
0.02272727
0.02272727
0.02272727
0.02272727
0.02272727
0.02272727
0.02272727
0.02272727
0.02272727
0.02272727
0.02272727
0.02272727
0.02272727
0.02272727
0.02272727
0.02272727
0.02272727
0.02272727
0.02272727
0.02272727
0.02272727
0.02272727
0.02272727
0.02272727
0.02272727
0.02272727
0.02272727
0.02272727
0.02272727
0.02272727
0.02272727
0.02272727
0.02272727
0.02272727
0.02272727
0.02272727
0.02272727
0.02272727
0.02272727
0.02272727
0.02272727
0.02272727
0.02272727
0.02272727
0.02272727
0.02272727
0.02272727
0.02272727
0.02272727
0.02272727
0.02272727
0.02272727
0.02272727
0.02272727
0.02272727
0.02272727
0.02272727
DEBUG: 14
DEBUG: 14
DEBUG: 8
DEBUG: 8
0.07142857
0.07142857
0.07142857
0.07142857
0.07142857
0.07142857
0.07142857
0.07142857
0.07142857
0.07142857
0.07142857
0.07142857
0.07142857
0.07142857
0.07142857
0.07142857
0.07142857
0.07142857
0.07142857
0.07142857
0.07142857
0.07142857
0.07142857
0.07142857
0.07142857
0.07142857
0.07142857
0.07142857
0.07142857
0.07142857
0.07142857
0.07142857
0.07142857
DEBUG: 8
DEBUG: 8
DEBUG: 12
DEBUG: 12
0.02941176
0.02941176
0.02941176
0.02941176
0.02941176
0.02941176
0.02941176
0.02941176
0.02941176
0.02941176
0.02941176
0.02941176
0.02941176
0.02941176
0.02941176
0.02941176
0.02941176
0.02941176
0.02941176
0.02941176
0.02941176
0.02941176
0.02941176
0.02941176
0.02941176
0.02941176
0.02941176
0.02941176
0.02941176
0.02941176
0.02941176
0.02941176
0.02941176
0.02941176
0.02941176
0.02941176
0.02941176
0.02941176
0.02941176
0.02941176
0.02941176
0.02941176
0.02941176
0.02941176
0.02941176
0.02941176
0.02941176
0.02941176
0.02941176
0.02941176
0.02941176
0.02941176
0.02941176
0.02941176
0.02941176
0.02941176
0.02941176
0.02941176
0.02941176
DEBUG: 12
DEBUG: 12
DEBUG: 8
DEBUG: 8
0.07142857
0.07142857
0.07142857
0.07142857
0.07142857
0.07142857
0.07142857
0.07142857
0.07142857
0.07142857
0.07142857
0.07142857
0.07142857
0.07142857
0.07142857
0.07142857
0.07142857
0.07142857
0.07142857
0.07142857
0.07142857
0.07142857
0.07142857
0.07142857
0.07142857
0.07142857
DEBUG: 8
DEBUG: 8
DEBUG: 8
DEBUG: 8
0.0625
0.0625
0.0625
0.0625
0.0625
0.0625
0.0625
0.0625
0.0625
0.0625
0.0625
0.0625
0.0625
0.0625
0.0625
0.0625
0.0625
0.0625
0.0625
0.0625
0.0625
0.0625
0.0625
0.0625
0.0625
0.0625
0.0625
0.0625
0.0625
0.0625
DEBUG: 8
DEBUG: 8
DEBUG: 14
DEBUG: 14
0.02
0.02
0.02
0.02
0.02
0.02
0.02
0.02
0.02
0.02
0.02
0.02
0.02
0.02
0.02
0.02
0.02
0.02
0.02
0.02
0.02
0.02
0.02
0.02
0.02
0.02
0.02
0.02
0.02
0.02
0.02
0.02
0.02
0.02
0.02
0.02
0.02
0.02
0.02
0.02
0.02
0.02
0.02
0.02
0.02
0.02
0.02
0.02
0.02
0.02
0.02
0.02
0.02
0.02
0.02
0.02
0.02
0.02
0.02
0.02
0.02
0.02
0.02
0.02
0.02
0.02
0.02
0.02
0.02
0.02
0.02
0.02
0.02
0.02
0.02
0.02
0.02
0.02
0.02
0.02
0.02
0.02
0.02
0.02
0.02
0.02
0.02
0.02
0.02
0.02
0.02
0.02
0.02
0.02
0.02
0.02
0.02
0.02
0.02
DEBUG: 14
DEBUG: 14
DEBUG: 10
DEBUG: 10
0.04
0.04
0.04
0.04
0.04
0.04
0.04
0.04
0.04
0.04
0.04
0.04
0.04
0.04
0.04
0.04
0.04
0.04
0.04
0.04
0.04
0.04
0.04
0.04
0.04
0.04
0.04
0.04
0.04
0.04
0.04
0.04
0.04
0.04
0.04
0.04
0.04
0.04
0.04
0.04
0.04
0.04
0.04
0.04
0.04
0.04
0.04
0.04
0.04
0.04
0.04
0.04
0.04
0.04
0.04
0.04
DEBUG: 10
DEBUG: 10
DEBUG: 10
DEBUG: 10
0.05263158
0.05263158
0.05263158
0.05263158
0.05263158
0.05263158
0.05263158
0.05263158
0.05263158
0.05263158
0.05263158
0.05263158
0.05263158
0.05263158
0.05263158
0.05263158
0.05263158
0.05263158
0.05263158
0.05263158
0.05263158
0.05263158
0.05263158
0.05263158
0.05263158
0.05263158
0.05263158
0.05263158
0.05263158
0.05263158
0.05263158
0.05263158
0.05263158
0.05263158
0.05263158
0.05263158
0.05263158
0.05263158
0.05263158
0.05263158
DEBUG: 10
DEBUG: 10
DEBUG: 16
DEBUG: 16
0.01449275
0.01449275
0.01449275
0.01449275
0.01449275
0.01449275
0.01449275
0.01449275
0.01449275
0.01449275
0.01449275
0.01449275
0.01449275
0.01449275
0.01449275
0.01449275
0.01449275
0.01449275
0.01449275
0.01449275
0.01449275
0.01449275
0.01449275
0.01449275
0.01449275
0.01449275
0.01449275
0.01449275
0.01449275
0.01449275
0.01449275
0.01449275
0.01449275
0.01449275
0.01449275
0.01449275
0.01449275
0.01449275
0.01449275
0.01449275
0.01449275
0.01449275
0.01449275
0.01449275
0.01449275
0.01449275
0.01449275
0.01449275
0.01449275
0.01449275
0.01449275
0.01449275
0.01449275
0.01449275
0.01449275
0.01449275
0.01449275
0.01449275
0.01449275
0.01449275
0.01449275
0.01449275
0.01449275
0.01449275
0.01449275
0.01449275
0.01449275
0.01449275
0.01449275
0.01449275
0.01449275
0.01449275
0.01449275
0.01449275
0.01449275
0.01449275
0.01449275
0.01449275
0.01449275
0.01449275
0.01449275
0.01449275
0.01449275
0.01449275
0.01449275
0.01449275
0.01449275
0.01449275
0.01449275
0.01449275
0.01449275
0.01449275
0.01449275
0.01449275
0.01449275
0.01449275
0.01449275
0.01449275
0.01449275
0.01449275
0.01449275
0.01449275
0.01449275
0.01449275
0.01449275
0.01449275
0.01449275
0.01449275
0.01449275
0.01449275
0.01449275
0.01449275
0.01449275
0.01449275
0.01449275
0.01449275
0.01449275
0.01449275
0.01449275
0.01449275
0.01449275
0.01449275
0.01449275
0.01449275
0.01449275
0.01449275
0.01449275
0.01449275
0.01449275
0.01449275
0.01449275
0.01449275
0.01449275
0.01449275
0.01449275
0.01449275
0.01449275
0.01449275
0.01449275
0.01449275
0.01449275
DEBUG: 16
DEBUG: 16
DEBUG: 14
DEBUG: 14
0.02
0.02
0.02
0.02
0.02
0.02
0.02
0.02
0.02
0.02
0.02
0.02
0.02
0.02
0.02
0.02
0.02
0.02
0.02
0.02
0.02
0.02
0.02
0.02
0.02
0.02
0.02
0.02
0.02
0.02
0.02
0.02
0.02
0.02
0.02
0.02
0.02
0.02
0.02
0.02
0.02
0.02
0.02
0.02
0.02
0.02
0.02
0.02
0.02
0.02
0.02
0.02
0.02
0.02
0.02
0.02
0.02
0.02
0.02
0.02
0.02
0.02
0.02
0.02
0.02
0.02
0.02
0.02
0.02
0.02
0.02
0.02
0.02
0.02
0.02
0.02
0.02
0.02
0.02
0.02
Setting up 1 worker threads for Enlighten.
Memory Statistics:
[ALLOC_TEMP_TLS] TLS Allocator
  StackAllocators : 
    [ALLOC_TEMP_MAIN]
      Peak usage frame count: [0-1.0 KB]: 2584 frames, [1.0 KB-2.0 KB]: 467 frames, [2.0 KB-4.0 KB]: 13 frames, [2.0 MB-4.0 MB]: 1 frames
      Initial Block Size 4.0 MB
      Current Block Size 4.0 MB
      Peak Allocated Bytes 2.1 MB
      Overflow Count 0
    [ALLOC_TEMP_Loading.AsyncRead]
      Initial Block Size 64.0 KB
      Current Block Size 64.0 KB
      Peak Allocated Bytes 128 B
      Overflow Count 0
    [ALLOC_TEMP_Loading.PreloadManager]
      Initial Block Size 256.0 KB
      Current Block Size 256.0 KB
      Peak Allocated Bytes 93.8 KB
      Overflow Count 4
    [ALLOC_TEMP_Background Job.Worker 8]
      Initial Block Size 32.0 KB
      Current Block Size 32.0 KB
      Peak Allocated Bytes 0 B
      Overflow Count 0
    [ALLOC_TEMP_Background Job.Worker 9]
      Initial Block Size 32.0 KB
      Current Block Size 32.0 KB
      Peak Allocated Bytes 0 B
      Overflow Count 0
    [ALLOC_TEMP_Job.Worker 0]
      Initial Block Size 256.0 KB
      Current Block Size 256.0 KB
      Peak Allocated Bytes 0.6 KB
      Overflow Count 0
    [ALLOC_TEMP_Background Job.Worker 10]
      Initial Block Size 32.0 KB
      Current Block Size 32.0 KB
      Peak Allocated Bytes 0 B
      Overflow Count 0
    [ALLOC_TEMP_Background Job.Worker 14]
      Initial Block Size 32.0 KB
      Current Block Size 32.0 KB
      Peak Allocated Bytes 0 B
      Overflow Count 0
    [ALLOC_TEMP_Background Job.Worker 6]
      Initial Block Size 32.0 KB
      Current Block Size 32.0 KB
      Peak Allocated Bytes 0 B
      Overflow Count 0
    [ALLOC_TEMP_Background Job.Worker 12]
      Initial Block Size 32.0 KB
      Current Block Size 32.0 KB
      Peak Allocated Bytes 0 B
      Overflow Count 0
    [ALLOC_TEMP_EnlightenWorker]
      Initial Block Size 64.0 KB
      Current Block Size 64.0 KB
      Peak Allocated Bytes 0 B
      Overflow Count 0
    [ALLOC_TEMP_Background Job.Worker 15]
      Initial Block Size 32.0 KB
      Current Block Size 32.0 KB
      Peak Allocated Bytes 0 B
      Overflow Count 0
    [ALLOC_TEMP_Background Job.Worker 1]
      Initial Block Size 32.0 KB
      Current Block Size 32.0 KB
      Peak Allocated Bytes 0 B
      Overflow Count 0
    [ALLOC_TEMP_Background Job.Worker 2]
      Initial Block Size 32.0 KB
      Current Block Size 32.0 KB
      Peak Allocated Bytes 0 B
      Overflow Count 0
    [ALLOC_TEMP_Background Job.Worker 7]
      Initial Block Size 32.0 KB
      Current Block Size 32.0 KB
      Peak Allocated Bytes 0 B
      Overflow Count 0
    [ALLOC_TEMP_AssetGarbageCollectorHelper]
      Initial Block Size 64.0 KB
      Current Block Size 64.0 KB
      Peak Allocated Bytes 0 B
      Overflow Count 0
    [ALLOC_TEMP_Background Job.Worker 5]
      Initial Block Size 32.0 KB
      Current Block Size 32.0 KB
      Peak Allocated Bytes 0 B
      Overflow Count 0
    [ALLOC_TEMP_Background Job.Worker 13]
      Initial Block Size 32.0 KB
      Current Block Size 32.0 KB
      Peak Allocated Bytes 0 B
      Overflow Count 0
    [ALLOC_TEMP_Background Job.Worker 11]
      Initial Block Size 32.0 KB
      Current Block Size 32.0 KB
      Peak Allocated Bytes 0 B
      Overflow Count 0
    [ALLOC_TEMP_Background Job.Worker 3]
      Initial Block Size 32.0 KB
      Current Block Size 32.0 KB
      Peak Allocated Bytes 0 B
      Overflow Count 0
    [ALLOC_TEMP_Background Job.Worker 0]
      Initial Block Size 32.0 KB
      Current Block Size 32.0 KB
      Peak Allocated Bytes 0 B
      Overflow Count 0
    [ALLOC_TEMP_Background Job.Worker 4]
      Initial Block Size 32.0 KB
      Current Block Size 32.0 KB
      Peak Allocated Bytes 0 B
      Overflow Count 0
    [ALLOC_TEMP_BatchDeleteObjects]
      Initial Block Size 64.0 KB
      Current Block Size 64.0 KB
      Peak Allocated Bytes 0 B
      Overflow Count 0
[ALLOC_DEFAULT] Dual Thread Allocator
  Peak main deferred allocation count 65
    [ALLOC_BUCKET]
      Large Block size 4.0 MB
      Used Block count 1
      Peak Allocated bytes 1.0 MB
    [ALLOC_DEFAULT_MAIN]
      Peak usage frame count: [4.0 MB-8.0 MB]: 3065 frames
      Requested Block Size 16.0 MB
      Peak Block count 1
      Peak Allocated memory 5.4 MB
      Peak Large allocation bytes 0 B
    [ALLOC_DEFAULT_THREAD]
      Peak usage frame count: [16.0 MB-32.0 MB]: 3065 frames
      Requested Block Size 16.0 MB
      Peak Block count 1
      Peak Allocated memory 16.7 MB
      Peak Large allocation bytes 16.0 MB
[ALLOC_TEMP_JOB_1_FRAME]
  Initial Block Size 2.0 MB
  Used Block Count 1
  Overflow Count (too large) 0
  Overflow Count (full) 0
[ALLOC_TEMP_JOB_2_FRAMES]
  Initial Block Size 2.0 MB
  Used Block Count 1
  Overflow Count (too large) 0
  Overflow Count (full) 0
[ALLOC_TEMP_JOB_4_FRAMES (JobTemp)]
  Initial Block Size 2.0 MB
  Used Block Count 2
  Overflow Count (too large) 0
  Overflow Count (full) 0
[ALLOC_TEMP_JOB_ASYNC (Background)]
  Initial Block Size 1.0 MB
  Used Block Count 3
  Overflow Count (too large) 0
  Overflow Count (full) 0
[ALLOC_GFX] Dual Thread Allocator
  Peak main deferred allocation count 0
    [ALLOC_BUCKET]
      Large Block size 4.0 MB
      Used Block count 1
      Peak Allocated bytes 1.0 MB
    [ALLOC_GFX_MAIN]
      Peak usage frame count: [32.0 KB-64.0 KB]: 3064 frames, [64.0 KB-128.0 KB]: 1 frames
      Requested Block Size 16.0 MB
      Peak Block count 1
      Peak Allocated memory 65.6 KB
      Peak Large allocation bytes 0 B
    [ALLOC_GFX_THREAD]
      Peak usage frame count: [32.0 KB-64.0 KB]: 3065 frames
      Requested Block Size 16.0 MB
      Peak Block count 1
      Peak Allocated memory 38.0 KB
      Peak Large allocation bytes 0 B
[ALLOC_CACHEOBJECTS] Dual Thread Allocator
  Peak main deferred allocation count 0
    [ALLOC_BUCKET]
      Large Block size 4.0 MB
      Used Block count 1
      Peak Allocated bytes 1.0 MB
    [ALLOC_CACHEOBJECTS_MAIN]
      Peak usage frame count: [0.5 MB-1.0 MB]: 3065 frames
      Requested Block Size 4.0 MB
      Peak Block count 1
      Peak Allocated memory 0.8 MB
      Peak Large allocation bytes 0 B
    [ALLOC_CACHEOBJECTS_THREAD]
      Peak usage frame count: [64.0 KB-128.0 KB]: 3064 frames, [0.5 MB-1.0 MB]: 1 frames
      Requested Block Size 4.0 MB
      Peak Block count 1
      Peak Allocated memory 0.8 MB
      Peak Large allocation bytes 0 B
[ALLOC_TYPETREE] Dual Thread Allocator
  Peak main deferred allocation count 0
    [ALLOC_BUCKET]
      Large Block size 4.0 MB
      Used Block count 1
      Peak Allocated bytes 1.0 MB
    [ALLOC_TYPETREE_MAIN]
      Peak usage frame count: [0-1.0 KB]: 3065 frames
      Requested Block Size 2.0 MB
      Peak Block count 1
      Peak Allocated memory 1.0 KB
      Peak Large allocation bytes 0 B
    [ALLOC_TYPETREE_THREAD]
      Peak usage frame count: [0-1.0 KB]: 3065 frames
      Requested Block Size 2.0 MB
      Peak Block count 0
      Peak Allocated memory 0 B
      Peak Large allocation bytes 0 B
